nohup: ignoring input
yarn run v1.22.22
$ ts-node crank/index.ts
crank up: FL7joRzoH4y1NnXtD8U99kNX8AkfJPTWeFASFXqwVDoh
region 0: 0 bps @ slot 56755745 (5gK298Qi…)
region 1: 411 bps @ slot 56755747 (5sReLNeC…)
region 0: 0 bps @ slot 56755787 (64KKQ81j…)
region 1: 411 bps @ slot 56755788 (63YxTrw9…)
region 0: 0 bps @ slot 56755828 (3jh4zBpU…)
region 1: 408 bps @ slot 56755829 (5Sd6ryYj…)
region 0: 0 bps @ slot 56755869 (4vFWse1j…)
region 1: 411 bps @ slot 56755870 (3iruzc7a…)
region 0: 0 bps @ slot 56755910 (273Qz7BB…)
region 1: 408 bps @ slot 56755911 (4ZzXrbqC…)
region 0: 0 bps @ slot 56755951 (3V6c77zT…)
region 1: 408 bps @ slot 56755952 (22L7Qirr…)
region 0: 0 bps @ slot 56755993 (GePeymWV…)
region 1: 409 bps @ slot 56755994 (5k9WC3VP…)
region 0: 0 bps @ slot 56756034 (annzfU6p…)
region 1: 409 bps @ slot 56756035 (3X7sFFp6…)
region 0: 0 bps @ slot 56756075 (3sqnz7Kw…)
region 1: 409 bps @ slot 56756077 (4gAP95Ec…)
region 0: 0 bps @ slot 56756115 (U82HkZT2…)
region 1: 409 bps @ slot 56756116 (YDTm4rFM…)
region 0: 0 bps @ slot 56756156 (4Mu4YdjJ…)
region 1: 409 bps @ slot 56756158 (3jK4JuEc…)
region 0: 0 bps @ slot 56756198 (2D1XeQmR…)
region 1: 409 bps @ slot 56756199 (4wuLQedN…)
region 0: 0 bps @ slot 56756240 (5Qgpr4Yy…)
region 1: 408 bps @ slot 56756241 (4VYgwte4…)
region 0: 0 bps @ slot 56756281 (4imThMEK…)
region 1: 409 bps @ slot 56756282 (21kGyea9…)
region 0: 0 bps @ slot 56756322 (3iJF6b8R…)
region 1: 409 bps @ slot 56756323 (3Y45qCHe…)
region 0: 0 bps @ slot 56756363 (55Jq8v3o…)
region 1: 410 bps @ slot 56756364 (5Geq8Uj4…)
region 0: 0 bps @ slot 56756405 (3Txn4UNd…)
region 1: 409 bps @ slot 56756406 (2LrQSHc4…)
region 0: 0 bps @ slot 56756447 (SphXa6q4…)
region 1: 409 bps @ slot 56756448 (5PzhgvXe…)
region 0: 0 bps @ slot 56756489 (txFza8WL…)
region 1: 413 bps @ slot 56756490 (3mPQeTA2…)
region 0: 0 bps @ slot 56756528 (3vvxUj7g…)
region 1: 413 bps @ slot 56756530 (5p5weiBG…)
region 0: 0 bps @ slot 56756570 (4pWZ4UG3…)
region 1: 413 bps @ slot 56756571 (hVhGH1tk…)
region 0: 0 bps @ slot 56756612 (51QePkgT…)
region 1: 412 bps @ slot 56756613 (3SdNJnVF…)
region 0: 0 bps @ slot 56756653 (4R9FN2u2…)
region 1: 411 bps @ slot 56756654 (5PkHCmsL…)
region 0: 0 bps @ slot 56756693 (525F5b4E…)
region 1: 411 bps @ slot 56756695 (wGEAdChG…)
region 0: 0 bps @ slot 56756734 (2JkjWYoq…)
region 1: 411 bps @ slot 56756736 (4gU2s4Zr…)
region 0: 0 bps @ slot 56756776 (5PSq4jXs…)
region 1: 411 bps @ slot 56756777 (47UKvCC8…)
region 0: 0 bps @ slot 56756816 (5UWQS4XU…)
region 1: 409 bps @ slot 56756817 (2Wj6Ny5J…)
region 0: 0 bps @ slot 56756858 (5gmBt9xu…)
region 1: 409 bps @ slot 56756859 (3ugeQUCV…)
region 0: 0 bps @ slot 56756898 (5vQgdpqY…)
region 1: 408 bps @ slot 56756899 (47g87br5…)
region 0: 0 bps @ slot 56756939 (wciim39Z…)
region 1: 408 bps @ slot 56756940 (V2xNzps1…)
region 0: 0 bps @ slot 56756980 (5eorjc6d…)
region 1: 408 bps @ slot 56756981 (4oxqvpYG…)
region 0: 0 bps @ slot 56757021 (2dUniYwK…)
region 1: 408 bps @ slot 56757022 (NbodBjae…)
region 0: 0 bps @ slot 56757061 (4Wyr9d9V…)
region 1: 408 bps @ slot 56757062 (2iLaWSyY…)
region 0: 0 bps @ slot 56757102 (4aUp3h9y…)
region 1: 408 bps @ slot 56757108 (5JMtbi7y…)
region 0: 0 bps @ slot 56757143 (P3Rgit5m…)
region 1: 407 bps @ slot 56757144 (4NhvuqKk…)
region 0: 0 bps @ slot 56757184 (3rBgiKTD…)
region 1: 407 bps @ slot 56757186 (4VZtooTN…)
region 0: 0 bps @ slot 56757227 (3Y8bzT3D…)
region 1: 407 bps @ slot 56757229 (5F4fcm8C…)
region 0: 0 bps @ slot 56757267 (3aNrWX3q…)
region 1: 407 bps @ slot 56757268 (5FKAppBb…)
region 0: 0 bps @ slot 56757308 (2CYDLg8h…)
region 1: 407 bps @ slot 56757309 (64zAyX7v…)
region 0: 0 bps @ slot 56757347 (39YdZzFF…)
region 1: 407 bps @ slot 56757352 (5DWrNH95…)
region 0: 0 bps @ slot 56757390 (5ixVdEXc…)
region 1: 406 bps @ slot 56757391 (4V4ULiBW…)
region 0: 0 bps @ slot 56757432 (3PVxoPSD…)
region 1: 406 bps @ slot 56757434 (29iyjJUV…)
region 0: 0 bps @ slot 56757473 (4SrSMDLV…)
region 1: 407 bps @ slot 56757474 (5bb5NcNJ…)
region 0: 0 bps @ slot 56757514 (4sTN8f1D…)
region 1: 407 bps @ slot 56757515 (5K3hNj3o…)
region 0: 0 bps @ slot 56757555 (4LMvVnZV…)
region 1: 408 bps @ slot 56757556 (3SfoH4x9…)
region 0: 0 bps @ slot 56757595 (4bRemkhf…)
region 1: 407 bps @ slot 56757596 (5xF7FsFe…)
region 0: 0 bps @ slot 56757638 (kcZ5hzjP…)
region 1: 408 bps @ slot 56757639 (2HbX5SCG…)
region 0: 0 bps @ slot 56757678 (3kxcZ4TM…)
region 1: 407 bps @ slot 56757679 (2wDCMqip…)
region 0: 0 bps @ slot 56757720 (FpYxbmVc…)
region 1: 408 bps @ slot 56757721 (KiApfBGr…)
region 0: 4678 bps @ slot 56757761 (2XxXMpy1…)
region 1: 408 bps @ slot 56757764 (mJr2ZSme…)
region 0: 6526 bps @ slot 56757802 (yoX9i4a6…)
region 1: 409 bps @ slot 56757803 (mEEk3QPF…)
region 0: 6526 bps @ slot 56757843 (4x3nw3P1…)
region 1: 408 bps @ slot 56757844 (2iPdQocV…)
region 0: 6526 bps @ slot 56757885 (3Cr6ZN3x…)
region 1: 409 bps @ slot 56757886 (5Jvh8QHU…)
region 0: 0 bps @ slot 56757925 (2UVWEKeS…)
region 1: 408 bps @ slot 56757927 (5Brdrdys…)
region 0: 0 bps @ slot 56757967 (5Ei6KLMf…)
region 1: 409 bps @ slot 56757969 (5k5P8Wvs…)
region 0: 0 bps @ slot 56758009 (5hDigjHG…)
region 1: 409 bps @ slot 56758010 (4HeDYBRi…)
region 0: 0 bps @ slot 56758049 (2pB3hxRY…)
region 1: 412 bps @ slot 56758050 (5yUQV4R6…)
region 0: 0 bps @ slot 56758090 (5Fef2DNF…)
region 1: 413 bps @ slot 56758092 (5Hs81gtm…)
region 0: 0 bps @ slot 56758131 (4tbj1LUm…)
region 1: 411 bps @ slot 56758133 (4wnTZi68…)
region 0: 0 bps @ slot 56758173 (3F6j1YjS…)
region 1: 413 bps @ slot 56758175 (27Ak9nYS…)
region 0: 0 bps @ slot 56758216 (5SZ55NBi…)
region 1: 413 bps @ slot 56758217 (5em1XKvD…)
region 0: 0 bps @ slot 56758255 (fDFDkcKF…)
region 1: 412 bps @ slot 56758257 (LMZWKqGL…)
region 0: 0 bps @ slot 56758297 (M6RxFwsG…)
region 1: 413 bps @ slot 56758298 (wGf478rg…)
region 0: 0 bps @ slot 56758339 (5HPBwbEc…)
region 1: 413 bps @ slot 56758340 (5vQ7C5Sj…)
region 0: 0 bps @ slot 56758380 (oAumBrfw…)
region 1: 413 bps @ slot 56758381 (5qHZtBQS…)
region 0: 0 bps @ slot 56758422 (4zVfgNcm…)
region 1: 412 bps @ slot 56758423 (4FBzieU6…)
region 0: 0 bps @ slot 56758462 (5mWrvZZu…)
region 1: 410 bps @ slot 56758463 (3D2gdeub…)
region 0: 0 bps @ slot 56758503 (2222v3B5…)
region 1: 409 bps @ slot 56758505 (4ka8GMDS…)
region 0: 0 bps @ slot 56758542 (5DDtEH6t…)
region 1: 410 bps @ slot 56758544 (ZREyLCMu…)
region 0: 0 bps @ slot 56758583 (VzjvK25R…)
region 1: 410 bps @ slot 56758585 (4HV1bSFT…)
region 0: 0 bps @ slot 56758624 (3ob4ktmQ…)
region 1: 409 bps @ slot 56758626 (47KsjWcW…)
region 0: 0 bps @ slot 56758666 (7Es72bGA…)
region 1: 409 bps @ slot 56758667 (5GaxwJYF…)
region 0: 0 bps @ slot 56758707 (4Dqw24c3…)
region 1: 409 bps @ slot 56758708 (54wAr3U1…)
region 0: 0 bps @ slot 56758748 (3YU5BiGi…)
region 1: 409 bps @ slot 56758749 (4vcpSMah…)
region 0: 0 bps @ slot 56758789 (aZxSdaD3…)
region 1: 406 bps @ slot 56758791 (UxJthz2R…)
region 0: 0 bps @ slot 56758830 (3sMAcy4V…)
region 1: 406 bps @ slot 56758831 (2XunawYb…)
region 0: 0 bps @ slot 56758870 (4XeTQVFf…)
region 1: 406 bps @ slot 56758871 (2wdiBtpx…)
region 0: 0 bps @ slot 56758912 (4EVT9ABA…)
region 1: 406 bps @ slot 56758913 (27iT7nCG…)
region 0: 0 bps @ slot 56758953 (29YzDxZB…)
region 1: 405 bps @ slot 56758954 (21Xog8mN…)
region 0: 0 bps @ slot 56758994 (32rSewLu…)
region 1: 405 bps @ slot 56758995 (266cnhmW…)
region 0: 0 bps @ slot 56759035 (25RyjSHg…)
region 1: 408 bps @ slot 56759037 (RrfpEufU…)
region 0: 0 bps @ slot 56759076 (2ZF2y3gp…)
region 1: 406 bps @ slot 56759078 (nEVHnbCi…)
region 0: 0 bps @ slot 56759118 (5XXM49WC…)
region 1: 408 bps @ slot 56759119 (4TY4d9Qh…)
region 0: 0 bps @ slot 56759159 (4eeQQvif…)
region 1: 408 bps @ slot 56759160 (5Sh5JVwJ…)
region 0: 0 bps @ slot 56759200 (5TgsYqvx…)
region 1: 407 bps @ slot 56759201 (2UrEMksC…)
region 0: 0 bps @ slot 56759241 (3AK79nep…)
region 1: 407 bps @ slot 56759243 (2BCfPebH…)
region 0: 0 bps @ slot 56759283 (4ggysUSF…)
region 1: 408 bps @ slot 56759284 (2Qjh8MFY…)
region 0: 0 bps @ slot 56759326 (33WXMPEz…)
region 1: 408 bps @ slot 56759327 (4dN8FrhY…)
region 0: 0 bps @ slot 56759366 (4wpwGNjc…)
region 1: 408 bps @ slot 56759367 (heC3214B…)
region 0: 0 bps @ slot 56759406 (sddQhR8g…)
region 1: 409 bps @ slot 56759408 (3TL3zHEa…)
region 0: 0 bps @ slot 56759447 (5DAsK5yx…)
region 1: 409 bps @ slot 56759448 (5XNwL36e…)
region 0: 4937 bps @ slot 56759490 (4d82kbh6…)
region 1: 409 bps @ slot 56759491 (5PNJ5Peo…)
region 0: 4937 bps @ slot 56759529 (VCKhHFtK…)
region 1: 412 bps @ slot 56759530 (5Aossmc4…)
region 0: 4937 bps @ slot 56759569 (5xUpvN1o…)
region 1: 412 bps @ slot 56759570 (URCeQ1BB…)
region 0: 4937 bps @ slot 56759610 (XahoQCut…)
region 1: 412 bps @ slot 56759611 (581bxR2g…)
region 0: 0 bps @ slot 56759651 (mpdj4Zuy…)
region 1: 410 bps @ slot 56759652 (4nSvEsGJ…)
region 0: 0 bps @ slot 56759692 (4LUmNYLD…)
region 1: 411 bps @ slot 56759693 (3xUQb7jC…)
region 0: 0 bps @ slot 56759734 (3HYryWL7…)
region 1: 410 bps @ slot 56759735 (5WqBqvuQ…)
region 0: 0 bps @ slot 56759775 (64b4D9FL…)
region 1: 411 bps @ slot 56759776 (ba9CSGG3…)
region 0: 0 bps @ slot 56759816 (4oFPqjMQ…)
region 1: 410 bps @ slot 56759818 (3XVkCmvP…)
region 0: 0 bps @ slot 56759857 (3FQEcdbT…)
region 1: 411 bps @ slot 56759858 (3FTWCE1U…)
region 0: 0 bps @ slot 56759898 (3weS3BBc…)
region 1: 411 bps @ slot 56759899 (AQrqQyNq…)
region 0: 0 bps @ slot 56759939 (3p9iMy74…)
region 1: 410 bps @ slot 56759941 (3SqPACSw…)
region 0: 0 bps @ slot 56759980 (4r7S2jgA…)
region 1: 411 bps @ slot 56759981 (TP4fzyh1…)
region 0: 0 bps @ slot 56760022 (3pUYocTC…)
region 1: 409 bps @ slot 56760024 (4Ntbf4Ck…)
region 0: 0 bps @ slot 56760063 (4AdSYiw3…)
region 1: 409 bps @ slot 56760064 (2mLDXB6U…)
region 0: 0 bps @ slot 56760102 (5M5f4Ycq…)
region 1: 409 bps @ slot 56760104 (2twBumPE…)
region 0: 0 bps @ slot 56760143 (BuzinTBC…)
region 1: 409 bps @ slot 56760144 (3ZNUTETF…)
region 0: 0 bps @ slot 56760184 (iysJWvUx…)
region 1: 408 bps @ slot 56760185 (2PK8yr4o…)
region 0: 0 bps @ slot 56760226 (5XYZRjoD…)
region 1: 409 bps @ slot 56760227 (5djPiTP8…)
region 0: 0 bps @ slot 56760267 (P67uFCeM…)
region 1: 408 bps @ slot 56760268 (2cxCeDFU…)
region 0: 0 bps @ slot 56760308 (23x4iBL5…)
region 1: 410 bps @ slot 56760309 (2qmrnEe3…)
region 0: 0 bps @ slot 56760348 (2cvsYNco…)
region 1: 409 bps @ slot 56760349 (63UdVwto…)
region 0: 0 bps @ slot 56760389 (5nTom3qC…)
region 1: 409 bps @ slot 56760390 (2ER4fcDJ…)
region 0: 0 bps @ slot 56760430 (2VkveC8F…)
region 1: 409 bps @ slot 56760431 (WrxvddeE…)
region 0: 0 bps @ slot 56760471 (4K8CkxaJ…)
region 1: 409 bps @ slot 56760472 (4huMEWJT…)
region 0: 0 bps @ slot 56760511 (27is93GH…)
region 1: 409 bps @ slot 56760512 (3XP1n8En…)
region 0: 0 bps @ slot 56760552 (2jTBgiTY…)
region 1: 408 bps @ slot 56760553 (22oPPS8y…)
region 0: 0 bps @ slot 56760594 (yHFmvebS…)
region 1: 408 bps @ slot 56760595 (3sz9QRKz…)
region 0: 0 bps @ slot 56760635 (2HpPxuJb…)
region 1: 408 bps @ slot 56760636 (57JgeoDA…)
region 0: 0 bps @ slot 56760676 (43XjwTVX…)
region 1: 408 bps @ slot 56760677 (3pwe7Rvx…)
region 0: 0 bps @ slot 56760717 (49nbptdU…)
region 1: 409 bps @ slot 56760718 (3AMtcSXt…)
region 0: 0 bps @ slot 56760758 (2M6bU2Qv…)
region 1: 409 bps @ slot 56760759 (3xJyXm9v…)
region 0: 0 bps @ slot 56760799 (4oTmsNWz…)
region 1: 406 bps @ slot 56760801 (3ArQKbfw…)
region 0: 0 bps @ slot 56760841 (5iodYUps…)
region 1: 406 bps @ slot 56760842 (5nxwgVb5…)
region 0: 0 bps @ slot 56760882 (KfUoFGjM…)
region 1: 409 bps @ slot 56760883 (5bLu5ia6…)
region 0: 0 bps @ slot 56760923 (4hKrH431…)
region 1: 408 bps @ slot 56760925 (4mB6YoS1…)
region 0: 0 bps @ slot 56760964 (32STT4y5…)
region 1: 408 bps @ slot 56760966 (6k71Y2Jz…)
region 0: 0 bps @ slot 56761007 (2h9VgwqC…)
region 1: 409 bps @ slot 56761008 (26CCkkKx…)
region 0: 0 bps @ slot 56761047 (58BY5Tmp…)
region 1: 409 bps @ slot 56761048 (4UskGD6d…)
region 0: Error: Simulation failed. 
Message: Transaction simulation failed: Error processing Instruction 0: Unsupported program id. 
Logs: 
[
  "Program 8gTX3w2mAkKhGip9
region 1: Error: Simulation failed. 
Message: Transaction simulation failed: Error processing Instruction 0: Unsupported program id. 
Logs: 
[
  "Program 8gTX3w2mAkKhGip9
region 0: 0 bps @ slot 56761130 (4pP8zDsL…)
region 1: 410 bps @ slot 56761131 (CyLX4dX7…)
