nohup: ignoring input
yarn run v1.22.22
$ ts-node crank/index.ts
crank up: 64EiYTzXGmKvQxicp6pMkdsjphg7XXyYED7TfgWhbGKd
region 0: 0 bps @ slot 165042213 (2ET3Wytb…)
region 1: 3 bps @ slot 165042214 (65kL73SM…)
region 0: 0 bps @ slot 165042254 (t6Tcu9J2…)
region 1: 3 bps @ slot 165042255 (36mrX4Mf…)
region 0: 0 bps @ slot 165042291 (35rC9ra6…)
region 1: 3 bps @ slot 165042292 (645T9LW6…)
region 0: 0 bps @ slot 165042331 (3rTHU7eD…)
region 1: 3 bps @ slot 165042332 (5Gw9QSVP…)
region 0: 0 bps @ slot 165042370 (2j2NM7xf…)
region 1: 3 bps @ slot 165042371 (3oheFBDZ…)
region 0: 0 bps @ slot 165042413 (5qLPqTvE…)
region 1: 3 bps @ slot 165042414 (2ipgcRCb…)
region 0: 0 bps @ slot 165042455 (66cx27x3…)
region 1: 3 bps @ slot 165042456 (3o2ZRXgF…)
region 0: 2891 bps @ slot 165042497 (54ykdtgz…)
region 1: 3 bps @ slot 165042498 (5YV5WENj…)
region 0: 3605 bps @ slot 165042539 (5cfJooy4…)
region 1: 3 bps @ slot 165042540 (B3UFH7Rp…)
region 0: 3605 bps @ slot 165042580 (5M4Ap26T…)
region 1: 3 bps @ slot 165042583 (2Yp6QPAu…)
region 0: 3605 bps @ slot 165042622 (2xJiAkP6…)
region 1: 3 bps @ slot 165042624 (41vNj4qt…)
region 0: 3605 bps @ slot 165042661 (3zMnrkpX…)
region 1: 3 bps @ slot 165042663 (2WaJZuCj…)
region 0: 3605 bps @ slot 165042702 (4iCBFdcg…)
region 1: 3 bps @ slot 165042703 (3Ly2P9MQ…)
region 0: 3605 bps @ slot 165042743 (2N3vmyiS…)
region 1: 3 bps @ slot 165042744 (3xLvLyaT…)
region 0: 3605 bps @ slot 165042782 (3oPXFQ8G…)
region 1: 3 bps @ slot 165042783 (5R4bjpQ4…)
region 0: 3605 bps @ slot 165042825 (3EPaZTum…)
region 1: 3 bps @ slot 165042826 (1cNndpta…)
region 0: 3605 bps @ slot 165042866 (4uM5JWQA…)
region 1: 3 bps @ slot 165042867 (2aZmTZqs…)
region 0: 3605 bps @ slot 165042906 (32RDffMb…)
region 1: 3 bps @ slot 165042907 (4sAovNKD…)
region 0: 3605 bps @ slot 165042949 (4FukFG9G…)
region 1: 3 bps @ slot 165042950 (qg3GLkfD…)
region 0: 3605 bps @ slot 165042991 (KVDUZQWB…)
region 1: 3 bps @ slot 165042992 (4o7NALwJ…)
region 0: 3605 bps @ slot 165043033 (4WZeDrwS…)
region 1: 3 bps @ slot 165043034 (5VYRJeqo…)
region 0: 3605 bps @ slot 165043075 (5XfiTPZR…)
region 1: 3 bps @ slot 165043076 (5xtacn2d…)
region 0: 3605 bps @ slot 165043116 (S8rtAAmt…)
region 1: 3 bps @ slot 165043118 (2ZkrWerv…)
region 0: 3605 bps @ slot 165043158 (Nnx1tyDV…)
region 1: 3 bps @ slot 165043160 (5aduJVq9…)
region 0: 3605 bps @ slot 165043200 (2hsvQK8V…)
region 1: 3 bps @ slot 165043202 (5mjXKX9p…)
region 0: 2891 bps @ slot 165043242 (2QrrpGMt…)
region 1: 3 bps @ slot 165043243 (QCFYLVve…)
region 0: 0 bps @ slot 165043281 (4xs8T8kn…)
region 1: 3 bps @ slot 165043282 (3NCVFUsT…)
region 0: 0 bps @ slot 165043323 (4PZfjk6t…)
region 1: 3 bps @ slot 165043324 (3pi78qz7…)
region 0: 0 bps @ slot 165043362 (4PWVR5L1…)
region 1: 3 bps @ slot 165043363 (657uiEvw…)
region 0: 3605 bps @ slot 165043402 (Ky6AVj65…)
region 1: 3 bps @ slot 165043403 (2f9GKsso…)
region 0: 3605 bps @ slot 165043444 (2ugnYdzi…)
region 1: 3 bps @ slot 165043445 (3mGAeL1v…)
region 0: 3605 bps @ slot 165043483 (47sXEEPe…)
region 1: 3 bps @ slot 165043485 (3KhmzKdG…)
region 0: 3605 bps @ slot 165043523 (5BQE66Eo…)
region 1: 3 bps @ slot 165043524 (4xVvPynz…)
region 0: 3605 bps @ slot 165043563 (2QCdcSjF…)
region 1: 3 bps @ slot 165043564 (4V15LXE6…)
region 0: 3605 bps @ slot 165043605 (4eZhPbuQ…)
region 1: 3 bps @ slot 165043606 (2foHHBxw…)
region 0: 3605 bps @ slot 165043648 (2GpKJj85…)
region 1: 3 bps @ slot 165043650 (5SXoKEcH…)
region 0: 3605 bps @ slot 165043689 (5Vs6DRXM…)
region 1: 3 bps @ slot 165043690 (3X5V9J9g…)
region 0: 3605 bps @ slot 165043731 (3nNiaoq7…)
region 1: 3 bps @ slot 165043732 (3MFC7EZy…)
region 0: 3605 bps @ slot 165043771 (2Una8AUk…)
region 1: 3 bps @ slot 165043772 (4iYs7SrD…)
region 0: 3605 bps @ slot 165043813 (616Gb46a…)
region 1: 3 bps @ slot 165043814 (5sqPpW4C…)
region 0: 3605 bps @ slot 165043855 (33Nr9nT3…)
region 1: 3 bps @ slot 165043856 (4FVFEwcF…)
region 0: 3605 bps @ slot 165043897 (4tZC4hfk…)
region 1: 3 bps @ slot 165043898 (5MDs6U7s…)
region 0: 3605 bps @ slot 165043939 (5unXz4LP…)
region 1: 3 bps @ slot 165043940 (5QAq5p2g…)
region 0: 3605 bps @ slot 165043981 (5BNs5DDC…)
region 1: 3 bps @ slot 165043982 (4RCk5SWC…)
region 0: 2891 bps @ slot 165044024 (ZUdY51KC…)
region 1: 3 bps @ slot 165044025 (2h5WkGLn…)
region 0: 0 bps @ slot 165044066 (3qPJoDPn…)
region 1: 3 bps @ slot 165044067 (5ci7Aiuo…)
region 0: 0 bps @ slot 165044107 (2wq5Wmzx…)
region 1: 3 bps @ slot 165044109 (5qf2Wuyj…)
region 0: 0 bps @ slot 165044150 (5rTNb2v9…)
region 1: 3 bps @ slot 165044151 (51Z9bCiD…)
region 0: 0 bps @ slot 165044192 (4egSgfMg…)
region 1: 3 bps @ slot 165044193 (2qBNKgUF…)
